<?xml version="1.0" encoding="UTF-8"?>
<coverage generated="1576502219298" clover="3.2.0">
  <project timestamp="1576502219298" name="All files">
    <metrics statements="26" coveredstatements="20" conditionals="6" coveredconditionals="6" methods="11" coveredmethods="5" elements="43" coveredelements="31" complexity="0" loc="26" ncloc="26" packages="2" files="7" classes="7"/>
    <package name="apps">
      <metrics statements="17" coveredstatements="14" conditionals="6" coveredconditionals="6" methods="6" coveredmethods="3"/>
      <file name="app.js" path="C:\Users\Илья\Desktop\Unit-test new1\Unit-test-new1\ajs-homeworks\ci-template\src\apps\app.js">
        <metrics statements="8" coveredstatements="8" conditionals="6" coveredconditionals="6" methods="1" coveredmethods="1"/>
        <line num="1" count="1" type="stmt"/>
        <line num="3" count="4" type="stmt"/>
        <line num="4" count="4" type="cond" truecount="2" falsecount="0"/>
        <line num="5" count="1" type="stmt"/>
        <line num="6" count="3" type="cond" truecount="4" falsecount="0"/>
        <line num="7" count="1" type="stmt"/>
        <line num="9" count="2" type="stmt"/>
        <line num="13" count="1" type="stmt"/>
      </file>
      <file name="basic.js" path="C:\Users\Илья\Desktop\Unit-test new1\Unit-test-new1\ajs-homeworks\ci-template\src\apps\basic.js">
        <metrics statements="4" coveredstatements="4" conditionals="0" coveredconditionals="0" methods="1" coveredmethods="1"/>
        <line num="2" count="1" type="stmt"/>
        <line num="3" count="1" type="stmt"/>
        <line num="4" count="3" type="stmt"/>
        <line num="6" count="1" type="stmt"/>
      </file>
      <file name="http.js" path="C:\Users\Илья\Desktop\Unit-test new1\Unit-test-new1\ajs-homeworks\ci-template\src\apps\http.js">
        <metrics statements="2" coveredstatements="0" conditionals="0" coveredconditionals="0" methods="2" coveredmethods="0"/>
        <line num="2" count="0" type="stmt"/>
        <line num="6" count="0" type="stmt"/>
      </file>
      <file name="user.js" path="C:\Users\Илья\Desktop\Unit-test new1\Unit-test-new1\ajs-homeworks\ci-template\src\apps\user.js">
        <metrics statements="3" coveredstatements="2" conditionals="0" coveredconditionals="0" methods="2" coveredmethods="1"/>
        <line num="4" count="1" type="stmt"/>
        <line num="5" count="1" type="stmt"/>
        <line num="10" count="0" type="stmt"/>
      </file>
    </package>
    <package name="js">
      <metrics statements="9" coveredstatements="6" conditionals="0" coveredconditionals="0" methods="5" coveredmethods="2"/>
      <file name="basic.js" path="C:\Users\Илья\Desktop\Unit-test new1\Unit-test-new1\ajs-homeworks\ci-template\src\js\basic.js">
        <metrics statements="4" coveredstatements="4" conditionals="0" coveredconditionals="0" methods="1" coveredmethods="1"/>
        <line num="2" count="1" type="stmt"/>
        <line num="3" count="1" type="stmt"/>
        <line num="4" count="3" type="stmt"/>
        <line num="6" count="1" type="stmt"/>
      </file>
      <file name="http.js" path="C:\Users\Илья\Desktop\Unit-test new1\Unit-test-new1\ajs-homeworks\ci-template\src\js\http.js">
        <metrics statements="2" coveredstatements="0" conditionals="0" coveredconditionals="0" methods="2" coveredmethods="0"/>
        <line num="2" count="0" type="stmt"/>
        <line num="6" count="0" type="stmt"/>
      </file>
      <file name="user.js" path="C:\Users\Илья\Desktop\Unit-test new1\Unit-test-new1\ajs-homeworks\ci-template\src\js\user.js">
        <metrics statements="3" coveredstatements="2" conditionals="0" coveredconditionals="0" methods="2" coveredmethods="1"/>
        <line num="4" count="1" type="stmt"/>
        <line num="5" count="1" type="stmt"/>
        <line num="10" count="0" type="stmt"/>
      </file>
    </package>
  </project>
</coverage>
