{"C:\\Users\\Илья\\Desktop\\Unit-test new1\\Unit-test-new1\\ajs-homeworks\\ci-template\\src\\apps\\app.js": {"path":"C:\\Users\\Илья\\Desktop\\Unit-test new1\\Unit-test-new1\\ajs-homeworks\\ci-template\\src\\apps\\app.js","statementMap":{"0":{"start":{"line":1,"column":19},"end":{"line":1,"column":44}},"1":{"start":{"line":3,"column":17},"end":{"line":3,"column":36}},"2":{"start":{"line":4,"column":4},"end":{"line":10,"column":5}},"3":{"start":{"line":5,"column":8},"end":{"line":5,"column":24}},"4":{"start":{"line":6,"column":11},"end":{"line":10,"column":5}},"5":{"start":{"line":7,"column":8},"end":{"line":7,"column":23}},"6":{"start":{"line":9,"column":8},"end":{"line":9,"column":24}},"7":{"start":{"line":13,"column":0},"end":{"line":13,"column":43}}},"fnMap":{"0":{"name":"indicateHealth","decl":{"start":{"line":2,"column":24},"end":{"line":2,"column":38}},"loc":{"start":{"line":2,"column":54},"end":{"line":11,"column":1}},"line":2}},"branchMap":{"0":{"loc":{"start":{"line":4,"column":4},"end":{"line":10,"column":5}},"type":"if","locations":[{"start":{"line":4,"column":4},"end":{"line":10,"column":5}},{"start":{"line":4,"column":4},"end":{"line":10,"column":5}}],"line":4},"1":{"loc":{"start":{"line":6,"column":11},"end":{"line":10,"column":5}},"type":"if","locations":[{"start":{"line":6,"column":11},"end":{"line":10,"column":5}},{"start":{"line":6,"column":11},"end":{"line":10,"column":5}}],"line":6},"2":{"loc":{"start":{"line":6,"column":15},"end":{"line":6,"column":41}},"type":"binary-expr","locations":[{"start":{"line":6,"column":15},"end":{"line":6,"column":26}},{"start":{"line":6,"column":30},"end":{"line":6,"column":41}}],"line":6}},"s":{"0":1,"1":4,"2":4,"3":1,"4":3,"5":1,"6":2,"7":1},"f":{"0":4},"b":{"0":[1,3],"1":[1,2],"2":[3,2]},"_coverageSchema":"43e27e138ebf9cfc5966b082cf9a028302ed4184","hash":"81a07b05a680821ed790f1a3dd2f675f7b1dc4ea"}
,"C:\\Users\\Илья\\Desktop\\Unit-test new1\\Unit-test-new1\\ajs-homeworks\\ci-template\\src\\apps\\basic.js": {"path":"C:\\Users\\Илья\\Desktop\\Unit-test new1\\Unit-test-new1\\ajs-homeworks\\ci-template\\src\\apps\\basic.js","statementMap":{"0":{"start":{"line":2,"column":15},"end":{"line":2,"column":16}},"1":{"start":{"line":3,"column":2},"end":{"line":5,"column":3}},"2":{"start":{"line":4,"column":4},"end":{"line":4,"column":19}},"3":{"start":{"line":6,"column":2},"end":{"line":6,"column":16}}},"fnMap":{"0":{"name":"sum","decl":{"start":{"line":1,"column":24},"end":{"line":1,"column":27}},"loc":{"start":{"line":1,"column":35},"end":{"line":7,"column":1}},"line":1}},"branchMap":{},"s":{"0":1,"1":1,"2":3,"3":1},"f":{"0":1},"b":{},"_coverageSchema":"43e27e138ebf9cfc5966b082cf9a028302ed4184","hash":"2d8bfa5ca1e5b4b84c484b499b648eb692d86ba4"}
,"C:\\Users\\Илья\\Desktop\\Unit-test new1\\Unit-test-new1\\ajs-homeworks\\ci-template\\src\\apps\\http.js": {"path":"C:\\Users\\Илья\\Desktop\\Unit-test new1\\Unit-test-new1\\ajs-homeworks\\ci-template\\src\\apps\\http.js","statementMap":{"0":{"start":{"line":2,"column":2},"end":{"line":2,"column":23}},"1":{"start":{"line":6,"column":2},"end":{"line":6,"column":23}}},"fnMap":{"0":{"name":"httpGet","decl":{"start":{"line":1,"column":16},"end":{"line":1,"column":23}},"loc":{"start":{"line":1,"column":29},"end":{"line":3,"column":1}},"line":1},"1":{"name":"httpPost","decl":{"start":{"line":5,"column":16},"end":{"line":5,"column":24}},"loc":{"start":{"line":5,"column":30},"end":{"line":7,"column":1}},"line":5}},"branchMap":{},"s":{"0":0,"1":0},"f":{"0":0,"1":0},"b":{},"_coverageSchema":"43e27e138ebf9cfc5966b082cf9a028302ed4184","hash":"122f2ce3cb14981fdaee88f7af06c1aad8b0ead9"}
,"C:\\Users\\Илья\\Desktop\\Unit-test new1\\Unit-test-new1\\ajs-homeworks\\ci-template\\src\\apps\\user.js": {"path":"C:\\Users\\Илья\\Desktop\\Unit-test new1\\Unit-test-new1\\ajs-homeworks\\ci-template\\src\\apps\\user.js","statementMap":{"0":{"start":{"line":4,"column":15},"end":{"line":4,"column":56}},"1":{"start":{"line":5,"column":2},"end":{"line":5,"column":26}},"2":{"start":{"line":10,"column":2},"end":{"line":10,"column":35}}},"fnMap":{"0":{"name":"loadUser","decl":{"start":{"line":3,"column":16},"end":{"line":3,"column":24}},"loc":{"start":{"line":3,"column":29},"end":{"line":6,"column":1}},"line":3},"1":{"name":"saveUser","decl":{"start":{"line":9,"column":16},"end":{"line":9,"column":24}},"loc":{"start":{"line":9,"column":31},"end":{"line":11,"column":1}},"line":9}},"branchMap":{},"s":{"0":1,"1":1,"2":0},"f":{"0":1,"1":0},"b":{},"_coverageSchema":"43e27e138ebf9cfc5966b082cf9a028302ed4184","hash":"18afff00d6efae3d987a09926085191b38f743dc"}
,"C:\\Users\\Илья\\Desktop\\Unit-test new1\\Unit-test-new1\\ajs-homeworks\\ci-template\\src\\js\\basic.js": {"path":"C:\\Users\\Илья\\Desktop\\Unit-test new1\\Unit-test-new1\\ajs-homeworks\\ci-template\\src\\js\\basic.js","statementMap":{"0":{"start":{"line":2,"column":15},"end":{"line":2,"column":16}},"1":{"start":{"line":3,"column":2},"end":{"line":5,"column":3}},"2":{"start":{"line":4,"column":4},"end":{"line":4,"column":19}},"3":{"start":{"line":6,"column":2},"end":{"line":6,"column":16}}},"fnMap":{"0":{"name":"sum","decl":{"start":{"line":1,"column":24},"end":{"line":1,"column":27}},"loc":{"start":{"line":1,"column":35},"end":{"line":7,"column":1}},"line":1}},"branchMap":{},"s":{"0":1,"1":1,"2":3,"3":1},"f":{"0":1},"b":{},"_coverageSchema":"43e27e138ebf9cfc5966b082cf9a028302ed4184","hash":"aaece5181655ead480307a5d8660471d3449fb16"}
,"C:\\Users\\Илья\\Desktop\\Unit-test new1\\Unit-test-new1\\ajs-homeworks\\ci-template\\src\\js\\http.js": {"path":"C:\\Users\\Илья\\Desktop\\Unit-test new1\\Unit-test-new1\\ajs-homeworks\\ci-template\\src\\js\\http.js","statementMap":{"0":{"start":{"line":2,"column":2},"end":{"line":2,"column":23}},"1":{"start":{"line":6,"column":2},"end":{"line":6,"column":23}}},"fnMap":{"0":{"name":"httpGet","decl":{"start":{"line":1,"column":16},"end":{"line":1,"column":23}},"loc":{"start":{"line":1,"column":29},"end":{"line":3,"column":1}},"line":1},"1":{"name":"httpPost","decl":{"start":{"line":5,"column":16},"end":{"line":5,"column":24}},"loc":{"start":{"line":5,"column":30},"end":{"line":7,"column":1}},"line":5}},"branchMap":{},"s":{"0":0,"1":0},"f":{"0":0,"1":0},"b":{},"_coverageSchema":"43e27e138ebf9cfc5966b082cf9a028302ed4184","hash":"b486b4d92cdaddb288a0b93a9b9e596a2acfea45"}
,"C:\\Users\\Илья\\Desktop\\Unit-test new1\\Unit-test-new1\\ajs-homeworks\\ci-template\\src\\js\\user.js": {"path":"C:\\Users\\Илья\\Desktop\\Unit-test new1\\Unit-test-new1\\ajs-homeworks\\ci-template\\src\\js\\user.js","statementMap":{"0":{"start":{"line":4,"column":15},"end":{"line":4,"column":56}},"1":{"start":{"line":5,"column":2},"end":{"line":5,"column":26}},"2":{"start":{"line":10,"column":2},"end":{"line":10,"column":35}}},"fnMap":{"0":{"name":"loadUser","decl":{"start":{"line":3,"column":16},"end":{"line":3,"column":24}},"loc":{"start":{"line":3,"column":29},"end":{"line":6,"column":1}},"line":3},"1":{"name":"saveUser","decl":{"start":{"line":9,"column":16},"end":{"line":9,"column":24}},"loc":{"start":{"line":9,"column":31},"end":{"line":11,"column":1}},"line":9}},"branchMap":{},"s":{"0":1,"1":1,"2":0},"f":{"0":1,"1":0},"b":{},"_coverageSchema":"43e27e138ebf9cfc5966b082cf9a028302ed4184","hash":"2e050a4668b3aecb8b4a443f0e2ba27322c3abbb"}
}
