TN:
SF:C:\Users\Илья\Desktop\Unit-test new1\Unit-test-new1\ajs-homeworks\ci-template\src\apps\app.js
FN:2,indicateHealth
FNF:1
FNH:1
FNDA:4,indicateHealth
DA:1,1
DA:3,4
DA:4,4
DA:5,1
DA:6,3
DA:7,1
DA:9,2
DA:13,1
LF:8
LH:8
BRDA:4,0,0,1
BRDA:4,0,1,3
BRDA:6,1,0,1
BRDA:6,1,1,2
BRDA:6,2,0,3
BRDA:6,2,1,2
BRF:6
BRH:6
end_of_record
TN:
SF:C:\Users\Илья\Desktop\Unit-test new1\Unit-test-new1\ajs-homeworks\ci-template\src\apps\basic.js
FN:1,sum
FNF:1
FNH:1
FNDA:1,sum
DA:2,1
DA:3,1
DA:4,3
DA:6,1
LF:4
LH:4
BRF:0
BRH:0
end_of_record
TN:
SF:C:\Users\Илья\Desktop\Unit-test new1\Unit-test-new1\ajs-homeworks\ci-template\src\apps\http.js
FN:1,httpGet
FN:5,httpPost
FNF:2
FNH:0
FNDA:0,httpGet
FNDA:0,httpPost
DA:2,0
DA:6,0
LF:2
LH:0
BRF:0
BRH:0
end_of_record
TN:
SF:C:\Users\Илья\Desktop\Unit-test new1\Unit-test-new1\ajs-homeworks\ci-template\src\apps\user.js
FN:3,loadUser
FN:9,saveUser
FNF:2
FNH:1
FNDA:1,loadUser
FNDA:0,saveUser
DA:4,1
DA:5,1
DA:10,0
LF:3
LH:2
BRF:0
BRH:0
end_of_record
TN:
SF:C:\Users\Илья\Desktop\Unit-test new1\Unit-test-new1\ajs-homeworks\ci-template\src\js\basic.js
FN:1,sum
FNF:1
FNH:1
FNDA:1,sum
DA:2,1
DA:3,1
DA:4,3
DA:6,1
LF:4
LH:4
BRF:0
BRH:0
end_of_record
TN:
SF:C:\Users\Илья\Desktop\Unit-test new1\Unit-test-new1\ajs-homeworks\ci-template\src\js\http.js
FN:1,httpGet
FN:5,httpPost
FNF:2
FNH:0
FNDA:0,httpGet
FNDA:0,httpPost
DA:2,0
DA:6,0
LF:2
LH:0
BRF:0
BRH:0
end_of_record
TN:
SF:C:\Users\Илья\Desktop\Unit-test new1\Unit-test-new1\ajs-homeworks\ci-template\src\js\user.js
FN:3,loadUser
FN:9,saveUser
FNF:2
FNH:1
FNDA:1,loadUser
FNDA:0,saveUser
DA:4,1
DA:5,1
DA:10,0
LF:3
LH:2
BRF:0
BRH:0
end_of_record
